<?xml version="1.0" encoding="UTF-8"?>
<testsuite xmlns:xsi="http://www.w3.org/2001/XMLSchema-instance" xsi:noNamespaceSchemaLocation="https://maven.apache.org/surefire/maven-surefire-plugin/xsd/surefire-test-report.xsd" version="3.0.2" name="conduitApp.conduitTest" time="6.699" tests="1" errors="1" skipped="0" failures="0">
  <properties>
[...]
</properties>
  <testcase name="testParallel" classname="conduitApp.conduitTest" time="6.671">
    <error message="&apos;boolean org.apache.commons.lang3.ObjectUtils.isNotEmpty(java.lang.Object)&apos;" type="java.lang.NoSuchMethodError"><![CDATA[java.lang.NoSuchMethodError: 'boolean org.apache.commons.lang3.ObjectUtils.isNotEmpty(java.lang.Object)'
	at net.masterthought.cucumber.ReportParser.parseClassificationsFiles(ReportParser.java:129)
	at net.masterthought.cucumber.ReportBuilder.generateReports(ReportBuilder.java:94)
	at conduitApp.conduitTest.generateReport(conduitTest.java:37)
	at conduitApp.conduitTest.testParallel(conduitTest.java:27)
	at java.base/java.lang.reflect.Method.invoke(Method.java:578)
	at java.base/java.util.ArrayList.forEach(ArrayList.java:1511)
	at java.base/java.util.ArrayList.forEach(ArrayList.java:1511)
]]></error>
    <system-out><![CDATA[---------------------------------------------------------
feature: classpath:conduitApp/feature/HomePage.feature
scenarios:  1 | passed:  0 | failed:  1 | time: 2.1471
---------------------------------------------------------

Karate version: 1.5.0
======================================================
elapsed:   6.34 | threads:    1 | thread time: 2.15 
features:     1 | skipped:    4 | efficiency: 0.34
scenarios:    1 | passed:     0 | failed: 1
======================================================
>>> failed features:
match failed: EQUALS
  $ | data types don't match (NUMBER:MAP)
  1
  {"author":{"username":"Testkarate1","bio":null,"image":"https://conduit-api.bondaracademy.com/images/smiley-cyrus.jpeg","following":false},"responseTime":570,"description":"Tyria","title":"Willem Frey","body":"Nothing burns like the cold.","favoritesCount":0,"responseStatus":200,"tagList":[],"createdAt":"2025-03-17T16:55:07.965Z","likesCount":1,"responseHeaders":{"x-powered-by":["Express"],"vary":["Origin"],"content-type":["application/json; charset=utf-8"],"etag":["W/\"29d-iqT24LcLdb9lXxi+hg3M1+LeDaA\""],"X-Cloud-Trace-Context":["ae7a03c0b21ea867e7c43674ce94fb0e"],"Date":["Mon, 17 Mar 2025 17:29:19 GMT"],"Server":["Google Frontend"],"Content-Length":["669"],"Set-Cookie":[]},"response":{"article":{"id":166534,"slug":"Willem-Frey-19488","title":"Willem Frey","description":"Tyria","body":"Nothing burns like the cold.","createdAt":"2025-03-17T16:55:07.965Z","updatedAt":"2025-03-17T16:55:07.965Z","authorId":19488,"tagList":[],"author":{"username":"Testkarate1","bio":null,"image":"https://conduit-api.bondaracademy.com/images/smiley-cyrus.jpeg","following":false},"favoritedBy":[{"id":19488,"email":"karate@test12.com","username":"Testkarate1","password":"$2a$10$EYeG852ouMiHfqICWcbzS.glWPU30qUWsopaalGqKRQ4HdTO8nvzi","image":"https://conduit-api.bondaracademy.com/images/smiley-cyrus.jpeg","bio":null,"demo":false}],"favorited":true,"favoritesCount":1}},"slug":"Willem-Frey-19488","updatedAt":"2025-03-17T16:55:07.965Z","favorited":false}

classpath:conduitApp/feature/HomePage.feature:73
<<<

HTML report: (paste into browser to view) | Karate version: 1.5.0
file:///D:/KarateFrameworkDesign/KarateFrameworkDesign/target/karate-reports/karate-summary.html
===================================================================

]]></system-out>
    <system-err><![CDATA[SLF4J(W): No SLF4J providers were found.
SLF4J(W): Defaulting to no-operation (NOP) logger implementation
SLF4J(W): See https://www.slf4j.org/codes.html#noProviders for further details.
SLF4J(W): Class path contains SLF4J bindings targeting slf4j-api versions 1.7.x or earlier.
SLF4J(W): Ignoring binding found at [jar:file:/C:/Users/paras/.m2/repository/ch/qos/logback/logback-classic/1.2.3/logback-classic-1.2.3.jar!/org/slf4j/impl/StaticLoggerBinder.class]
SLF4J(W): See https://www.slf4j.org/codes.html#ignoredBindings for an explanation.
]]></system-err>
  </testcase>
</testsuite>